This file contains any messages produced by compilers while
running configure, to aid debugging if configure makes a mistake.

It was created by imaginarycss configure 0.2-0, which was
generated by GNU Autoconf 2.72.  Invocation command line was

  $ ./configure

## --------- ##
## Platform. ##
## --------- ##

hostname = notch365
uname -m = x86_64
uname -r = 4.18.0-553.44.1.el8_10.x86_64
uname -s = Linux
uname -v = #1 SMP Mon Mar 10 11:32:40 UTC 2025

/usr/bin/uname -p = x86_64
/bin/uname -X     = unknown

/bin/arch              = x86_64
/usr/bin/arch -k       = unknown
/usr/convex/getsysinfo = unknown
/usr/bin/hostinfo      = unknown
/bin/machine           = unknown
/usr/bin/oslevel       = unknown
/bin/universe          = unknown

PATH: /uufs/chpc.utah.edu/sys/installdir/r8/R/4.4.0/bin/
PATH: /uufs/chpc.utah.edu/sys/spack/v019/linux-rocky8-x86_64/gcc-13.1.0/openblas-0.3.21-wswkguokqgrxenycjlx4cxqijupp47mw/bin/
PATH: /uufs/chpc.utah.edu/sys/spack/v019/linux-rocky8-x86_64/gcc-8.5.0/gcc-13.1.0-uu6pfxtwhhrqujtk5df6xhju2np2fhpi/bin/
PATH: /uufs/chpc.utah.edu/sys/bin/
PATH: /usr/share/Modules/bin/
PATH: /usr/local/bin/
PATH: /usr/bin/
PATH: /usr/local/sbin/
PATH: /usr/sbin/
PATH: /uufs/chpc.utah.edu/common/home/u1418987/.dotnet/tools/
PATH: /opt/rocm/bin/
PATH: /opt/rocm/profiler/bin/
PATH: /opt/rocm/opencl/bin/
PATH: /uufs/notchpeak.peaks/sys/installdir/slurm/std/bin/
PATH: /uufs/chpc.utah.edu/common/home/u1418987/bin/
PATH: /uufs/chpc.utah.edu/sys/installdir/rstudio-server/2024.12.0-467/bin/quarto/bin/
PATH: /uufs/chpc.utah.edu/sys/installdir/rstudio-server/2024.12.0-467/bin/postback/


## ----------- ##
## Core tests. ##
## ----------- ##

configure:2186: checking for C++ compiler version
configure:2195: g++ -std=gnu++17 --version >&5
g++ (Spack GCC) 13.1.0
Copyright (C) 2023 Free Software Foundation, Inc.
This is free software; see the source for copying conditions.  There is NO
warranty; not even for MERCHANTABILITY or FITNESS FOR A PARTICULAR PURPOSE.

configure:2206: $? = 0
configure:2195: g++ -std=gnu++17 -v >&5
Reading specs from /uufs/chpc.utah.edu/sys/spack/v019/linux-rocky8-x86_64/gcc-8.5.0/gcc-13.1.0-uu6pfxtwhhrqujtk5df6xhju2np2fhpi/lib/gcc/x86_64-pc-linux-gnu/13.1.0/specs
COLLECT_GCC=g++
COLLECT_LTO_WRAPPER=/uufs/chpc.utah.edu/sys/spack/v019/linux-rocky8-x86_64/gcc-8.5.0/gcc-13.1.0-uu6pfxtwhhrqujtk5df6xhju2np2fhpi/libexec/gcc/x86_64-pc-linux-gnu/13.1.0/lto-wrapper
Target: x86_64-pc-linux-gnu
Configured with: /uufs/chpc.utah.edu/common/home/hpcapps/.spack/stage/spack-stage-gcc-13.1.0-uu6pfxtwhhrqujtk5df6xhju2np2fhpi/spack-src/configure --prefix=/uufs/chpc.utah.edu/sys/spack/v019/linux-rocky8-x86_64/gcc-8.5.0/gcc-13.1.0-uu6pfxtwhhrqujtk5df6xhju2np2fhpi --with-pkgversion='Spack GCC' --with-bugurl=https://github.com/spack/spack/issues --disable-multilib --enable-languages=c,c++,fortran,jit --disable-nls --disable-canonical-system-headers --with-system-zlib --with-zstd-include=/uufs/chpc.utah.edu/sys/spack/v019/linux-rocky8-x86_64/gcc-8.5.0/zstd-1.5.5-igfubod7nuvy77mvbxqrfszizllkztqz/include --with-zstd-lib=/uufs/chpc.utah.edu/sys/spack/v019/linux-rocky8-x86_64/gcc-8.5.0/zstd-1.5.5-igfubod7nuvy77mvbxqrfszizllkztqz/lib --enable-host-shared --enable-bootstrap --with-mpfr-include=/uufs/chpc.utah.edu/sys/spack/v019/linux-rocky8-x86_64/gcc-8.5.0/mpfr-4.2.0-ksflefridlm456pp45ijgarw2kunepmn/include --with-mpfr-lib=/uufs/chpc.utah.edu/sys/spack/v019/linux-rocky8-x86_64/gcc-8.5.0/mpfr-4.2.0-ksflefridlm456pp45ijgarw2kunepmn/lib --with-gmp-include=/uufs/chpc.utah.edu/sys/spack/v019/linux-rocky8-x86_64/gcc-8.5.0/gmp-6.2.1-r4iunrdv6lccqdm2wqpjtf35nmxlbntq/include --with-gmp-lib=/uufs/chpc.utah.edu/sys/spack/v019/linux-rocky8-x86_64/gcc-8.5.0/gmp-6.2.1-r4iunrdv6lccqdm2wqpjtf35nmxlbntq/lib --with-mpc-include=/uufs/chpc.utah.edu/sys/spack/v019/linux-rocky8-x86_64/gcc-8.5.0/mpc-1.3.1-jutpthyvntog5ke27veg54nzrp5qnsvd/include --with-mpc-lib=/uufs/chpc.utah.edu/sys/spack/v019/linux-rocky8-x86_64/gcc-8.5.0/mpc-1.3.1-jutpthyvntog5ke27veg54nzrp5qnsvd/lib --without-isl --with-stage1-ldflags='-Wl,-rpath,/uufs/chpc.utah.edu/sys/spack/v019/linux-rocky8-x86_64/gcc-8.5.0/gcc-13.1.0-uu6pfxtwhhrqujtk5df6xhju2np2fhpi/lib -Wl,-rpath,/uufs/chpc.utah.edu/sys/spack/v019/linux-rocky8-x86_64/gcc-8.5.0/gcc-13.1.0-uu6pfxtwhhrqujtk5df6xhju2np2fhpi/lib64 -Wl,-rpath,/uufs/chpc.utah.edu/sys/spack/v019/linux-rocky8-x86_64/gcc-8.5.0/gmp-6.2.1-r4iunrdv6lccqdm2wqpjtf35nmxlbntq/lib -Wl,-rpath,/uufs/chpc.utah.edu/sys/spack/v019/linux-rocky8-x86_64/gcc-8.5.0/mpc-1.3.1-jutpthyvntog5ke27veg54nzrp5qnsvd/lib -Wl,-rpath,/uufs/chpc.utah.edu/sys/spack/v019/linux-rocky8-x86_64/gcc-8.5.0/mpfr-4.2.0-ksflefridlm456pp45ijgarw2kunepmn/lib -Wl,-rpath,/uufs/chpc.utah.edu/sys/spack/v019/linux-rocky8-x86_64/gcc-8.5.0/zlib-1.2.13-dcpzngybj4fisn6ojapnels3yfwcxqgk/lib -Wl,-rpath,/uufs/chpc.utah.edu/sys/spack/v019/linux-rocky8-x86_64/gcc-8.5.0/zstd-1.5.5-igfubod7nuvy77mvbxqrfszizllkztqz/lib' --with-boot-ldflags='-Wl,-rpath,/uufs/chpc.utah.edu/sys/spack/v019/linux-rocky8-x86_64/gcc-8.5.0/gcc-13.1.0-uu6pfxtwhhrqujtk5df6xhju2np2fhpi/lib -Wl,-rpath,/uufs/chpc.utah.edu/sys/spack/v019/linux-rocky8-x86_64/gcc-8.5.0/gcc-13.1.0-uu6pfxtwhhrqujtk5df6xhju2np2fhpi/lib64 -Wl,-rpath,/uufs/chpc.utah.edu/sys/spack/v019/linux-rocky8-x86_64/gcc-8.5.0/gmp-6.2.1-r4iunrdv6lccqdm2wqpjtf35nmxlbntq/lib -Wl,-rpath,/uufs/chpc.utah.edu/sys/spack/v019/linux-rocky8-x86_64/gcc-8.5.0/mpc-1.3.1-jutpthyvntog5ke27veg54nzrp5qnsvd/lib -Wl,-rpath,/uufs/chpc.utah.edu/sys/spack/v019/linux-rocky8-x86_64/gcc-8.5.0/mpfr-4.2.0-ksflefridlm456pp45ijgarw2kunepmn/lib -Wl,-rpath,/uufs/chpc.utah.edu/sys/spack/v019/linux-rocky8-x86_64/gcc-8.5.0/zlib-1.2.13-dcpzngybj4fisn6ojapnels3yfwcxqgk/lib -Wl,-rpath,/uufs/chpc.utah.edu/sys/spack/v019/linux-rocky8-x86_64/gcc-8.5.0/zstd-1.5.5-igfubod7nuvy77mvbxqrfszizllkztqz/lib -static-libstdc++ -static-libgcc' --with-build-config=spack
Thread model: posix
Supported LTO compression algorithms: zlib zstd
gcc version 13.1.0 (Spack GCC) 
configure:2206: $? = 0
configure:2195: g++ -std=gnu++17 -V >&5
g++: error: unrecognized command-line option '-V'
g++: fatal error: no input files
compilation terminated.
configure:2206: $? = 1
configure:2195: g++ -std=gnu++17 -qversion >&5
g++: error: unrecognized command-line option '-qversion'; did you mean '--version'?
g++: fatal error: no input files
compilation terminated.
configure:2206: $? = 1
configure:2226: checking whether the C++ compiler works
configure:2248: g++ -std=gnu++17 -std=c++17 -O2 -finline-functions -m64 -funroll-loops -msse4.2 -fPIC -fopenmp -I/uufs/chpc.utah.edu/sys/spack/v019/linux-rocky8-x86_64/gcc-13.1.0/openblas-0.3.21-wswkguokqgrxenycjlx4cxqijupp47mw/include:/uufs/chpc.utah.edu/sys/spack/v019/linux-rocky8-x86_64/gcc-8.5.0/gcc-13.1.0-uu6pfxtwhhrqujtk5df6xhju2np2fhpi/include:/uufs/chpc.utah.edu/sys/spack/v019/linux-rocky8-nehalem/gcc-8.5.0/zlib-1.2.13-s3wvferjs2ytiieeanbkzdd7bt2uwx45/include -m64 -I/uufs/chpc.utah.edu/sys/spack/v019/linux-rocky8-x86_64/gcc-13.1.0/openblas-0.3.21-wswkguokqgrxenycjlx4cxqijupp47mw/include:/uufs/chpc.utah.edu/sys/spack/v019/linux-rocky8-x86_64/gcc-8.5.0/gcc-13.1.0-uu6pfxtwhhrqujtk5df6xhju2np2fhpi/include:/uufs/chpc.utah.edu/sys/spack/v019/linux-rocky8-nehalem/gcc-8.5.0/zlib-1.2.13-s3wvferjs2ytiieeanbkzdd7bt2uwx45/include -Wl,-rpath=/uufs/chpc.utah.edu/sys/spack/v019/linux-rocky8-x86_64/gcc-13.1.0/openblas-0.3.21-wswkguokqgrxenycjlx4cxqijupp47mw/lib:/uufs/chpc.utah.edu/sys/spack/v019/linux-rocky8-x86_64/gcc-8.5.0/gcc-13.1.0-uu6pfxtwhhrqujtk5df6xhju2np2fhpi/lib64:/uufs/chpc.utah.edu/sys/spack/v019/linux-rocky8-x86_64/gcc-8.5.0/gcc-13.1.0-uu6pfxtwhhrqujtk5df6xhju2np2fhpi/lib:/uufs/chpc.utah.edu/sys/spack/v019/linux-rocky8-nehalem/gcc-8.5.0/zlib-1.2.13-s3wvferjs2ytiieeanbkzdd7bt2uwx45/lib -L/uufs/chpc.utah.edu/sys/spack/v019/linux-rocky8-x86_64/gcc-13.1.0/openblas-0.3.21-wswkguokqgrxenycjlx4cxqijupp47mw/lib:/uufs/chpc.utah.edu/sys/spack/v019/linux-rocky8-x86_64/gcc-8.5.0/gcc-13.1.0-uu6pfxtwhhrqujtk5df6xhju2np2fhpi/lib64:/uufs/chpc.utah.edu/sys/spack/v019/linux-rocky8-x86_64/gcc-8.5.0/gcc-13.1.0-uu6pfxtwhhrqujtk5df6xhju2np2fhpi/lib:/uufs/chpc.utah.edu/sys/spack/v019/linux-rocky8-nehalem/gcc-8.5.0/zlib-1.2.13-s3wvferjs2ytiieeanbkzdd7bt2uwx45/lib -lopenblas -lm -lpthread -lgfortran conftest.cpp  >&5
configure:2252: $? = 0
configure:2303: result: yes
configure:2307: checking for C++ compiler default output file name
configure:2309: result: a.out
configure:2315: checking for suffix of executables
configure:2322: g++ -std=gnu++17 -o conftest -std=c++17 -O2 -finline-functions -m64 -funroll-loops -msse4.2 -fPIC -fopenmp -I/uufs/chpc.utah.edu/sys/spack/v019/linux-rocky8-x86_64/gcc-13.1.0/openblas-0.3.21-wswkguokqgrxenycjlx4cxqijupp47mw/include:/uufs/chpc.utah.edu/sys/spack/v019/linux-rocky8-x86_64/gcc-8.5.0/gcc-13.1.0-uu6pfxtwhhrqujtk5df6xhju2np2fhpi/include:/uufs/chpc.utah.edu/sys/spack/v019/linux-rocky8-nehalem/gcc-8.5.0/zlib-1.2.13-s3wvferjs2ytiieeanbkzdd7bt2uwx45/include -m64 -I/uufs/chpc.utah.edu/sys/spack/v019/linux-rocky8-x86_64/gcc-13.1.0/openblas-0.3.21-wswkguokqgrxenycjlx4cxqijupp47mw/include:/uufs/chpc.utah.edu/sys/spack/v019/linux-rocky8-x86_64/gcc-8.5.0/gcc-13.1.0-uu6pfxtwhhrqujtk5df6xhju2np2fhpi/include:/uufs/chpc.utah.edu/sys/spack/v019/linux-rocky8-nehalem/gcc-8.5.0/zlib-1.2.13-s3wvferjs2ytiieeanbkzdd7bt2uwx45/include -Wl,-rpath=/uufs/chpc.utah.edu/sys/spack/v019/linux-rocky8-x86_64/gcc-13.1.0/openblas-0.3.21-wswkguokqgrxenycjlx4cxqijupp47mw/lib:/uufs/chpc.utah.edu/sys/spack/v019/linux-rocky8-x86_64/gcc-8.5.0/gcc-13.1.0-uu6pfxtwhhrqujtk5df6xhju2np2fhpi/lib64:/uufs/chpc.utah.edu/sys/spack/v019/linux-rocky8-x86_64/gcc-8.5.0/gcc-13.1.0-uu6pfxtwhhrqujtk5df6xhju2np2fhpi/lib:/uufs/chpc.utah.edu/sys/spack/v019/linux-rocky8-nehalem/gcc-8.5.0/zlib-1.2.13-s3wvferjs2ytiieeanbkzdd7bt2uwx45/lib -L/uufs/chpc.utah.edu/sys/spack/v019/linux-rocky8-x86_64/gcc-13.1.0/openblas-0.3.21-wswkguokqgrxenycjlx4cxqijupp47mw/lib:/uufs/chpc.utah.edu/sys/spack/v019/linux-rocky8-x86_64/gcc-8.5.0/gcc-13.1.0-uu6pfxtwhhrqujtk5df6xhju2np2fhpi/lib64:/uufs/chpc.utah.edu/sys/spack/v019/linux-rocky8-x86_64/gcc-8.5.0/gcc-13.1.0-uu6pfxtwhhrqujtk5df6xhju2np2fhpi/lib:/uufs/chpc.utah.edu/sys/spack/v019/linux-rocky8-nehalem/gcc-8.5.0/zlib-1.2.13-s3wvferjs2ytiieeanbkzdd7bt2uwx45/lib -lopenblas -lm -lpthread -lgfortran conftest.cpp  >&5
configure:2326: $? = 0
configure:2350: result: 
configure:2374: checking whether we are cross compiling
configure:2382: g++ -std=gnu++17 -o conftest -std=c++17 -O2 -finline-functions -m64 -funroll-loops -msse4.2 -fPIC -fopenmp -I/uufs/chpc.utah.edu/sys/spack/v019/linux-rocky8-x86_64/gcc-13.1.0/openblas-0.3.21-wswkguokqgrxenycjlx4cxqijupp47mw/include:/uufs/chpc.utah.edu/sys/spack/v019/linux-rocky8-x86_64/gcc-8.5.0/gcc-13.1.0-uu6pfxtwhhrqujtk5df6xhju2np2fhpi/include:/uufs/chpc.utah.edu/sys/spack/v019/linux-rocky8-nehalem/gcc-8.5.0/zlib-1.2.13-s3wvferjs2ytiieeanbkzdd7bt2uwx45/include -m64 -I/uufs/chpc.utah.edu/sys/spack/v019/linux-rocky8-x86_64/gcc-13.1.0/openblas-0.3.21-wswkguokqgrxenycjlx4cxqijupp47mw/include:/uufs/chpc.utah.edu/sys/spack/v019/linux-rocky8-x86_64/gcc-8.5.0/gcc-13.1.0-uu6pfxtwhhrqujtk5df6xhju2np2fhpi/include:/uufs/chpc.utah.edu/sys/spack/v019/linux-rocky8-nehalem/gcc-8.5.0/zlib-1.2.13-s3wvferjs2ytiieeanbkzdd7bt2uwx45/include -Wl,-rpath=/uufs/chpc.utah.edu/sys/spack/v019/linux-rocky8-x86_64/gcc-13.1.0/openblas-0.3.21-wswkguokqgrxenycjlx4cxqijupp47mw/lib:/uufs/chpc.utah.edu/sys/spack/v019/linux-rocky8-x86_64/gcc-8.5.0/gcc-13.1.0-uu6pfxtwhhrqujtk5df6xhju2np2fhpi/lib64:/uufs/chpc.utah.edu/sys/spack/v019/linux-rocky8-x86_64/gcc-8.5.0/gcc-13.1.0-uu6pfxtwhhrqujtk5df6xhju2np2fhpi/lib:/uufs/chpc.utah.edu/sys/spack/v019/linux-rocky8-nehalem/gcc-8.5.0/zlib-1.2.13-s3wvferjs2ytiieeanbkzdd7bt2uwx45/lib -L/uufs/chpc.utah.edu/sys/spack/v019/linux-rocky8-x86_64/gcc-13.1.0/openblas-0.3.21-wswkguokqgrxenycjlx4cxqijupp47mw/lib:/uufs/chpc.utah.edu/sys/spack/v019/linux-rocky8-x86_64/gcc-8.5.0/gcc-13.1.0-uu6pfxtwhhrqujtk5df6xhju2np2fhpi/lib64:/uufs/chpc.utah.edu/sys/spack/v019/linux-rocky8-x86_64/gcc-8.5.0/gcc-13.1.0-uu6pfxtwhhrqujtk5df6xhju2np2fhpi/lib:/uufs/chpc.utah.edu/sys/spack/v019/linux-rocky8-nehalem/gcc-8.5.0/zlib-1.2.13-s3wvferjs2ytiieeanbkzdd7bt2uwx45/lib -lopenblas -lm -lpthread -lgfortran conftest.cpp  >&5
configure:2386: $? = 0
configure:2393: ./conftest
configure:2397: $? = 0
configure:2412: result: no
configure:2418: checking for suffix of object files
configure:2441: g++ -std=gnu++17 -c -std=c++17 -O2 -finline-functions -m64 -funroll-loops -msse4.2 -fPIC -fopenmp -I/uufs/chpc.utah.edu/sys/spack/v019/linux-rocky8-x86_64/gcc-13.1.0/openblas-0.3.21-wswkguokqgrxenycjlx4cxqijupp47mw/include:/uufs/chpc.utah.edu/sys/spack/v019/linux-rocky8-x86_64/gcc-8.5.0/gcc-13.1.0-uu6pfxtwhhrqujtk5df6xhju2np2fhpi/include:/uufs/chpc.utah.edu/sys/spack/v019/linux-rocky8-nehalem/gcc-8.5.0/zlib-1.2.13-s3wvferjs2ytiieeanbkzdd7bt2uwx45/include -m64 -I/uufs/chpc.utah.edu/sys/spack/v019/linux-rocky8-x86_64/gcc-13.1.0/openblas-0.3.21-wswkguokqgrxenycjlx4cxqijupp47mw/include:/uufs/chpc.utah.edu/sys/spack/v019/linux-rocky8-x86_64/gcc-8.5.0/gcc-13.1.0-uu6pfxtwhhrqujtk5df6xhju2np2fhpi/include:/uufs/chpc.utah.edu/sys/spack/v019/linux-rocky8-nehalem/gcc-8.5.0/zlib-1.2.13-s3wvferjs2ytiieeanbkzdd7bt2uwx45/include conftest.cpp >&5
configure:2445: $? = 0
configure:2469: result: o
configure:2473: checking whether the compiler supports GNU C++
configure:2493: g++ -std=gnu++17 -c -std=c++17 -O2 -finline-functions -m64 -funroll-loops -msse4.2 -fPIC -fopenmp -I/uufs/chpc.utah.edu/sys/spack/v019/linux-rocky8-x86_64/gcc-13.1.0/openblas-0.3.21-wswkguokqgrxenycjlx4cxqijupp47mw/include:/uufs/chpc.utah.edu/sys/spack/v019/linux-rocky8-x86_64/gcc-8.5.0/gcc-13.1.0-uu6pfxtwhhrqujtk5df6xhju2np2fhpi/include:/uufs/chpc.utah.edu/sys/spack/v019/linux-rocky8-nehalem/gcc-8.5.0/zlib-1.2.13-s3wvferjs2ytiieeanbkzdd7bt2uwx45/include -m64 -I/uufs/chpc.utah.edu/sys/spack/v019/linux-rocky8-x86_64/gcc-13.1.0/openblas-0.3.21-wswkguokqgrxenycjlx4cxqijupp47mw/include:/uufs/chpc.utah.edu/sys/spack/v019/linux-rocky8-x86_64/gcc-8.5.0/gcc-13.1.0-uu6pfxtwhhrqujtk5df6xhju2np2fhpi/include:/uufs/chpc.utah.edu/sys/spack/v019/linux-rocky8-nehalem/gcc-8.5.0/zlib-1.2.13-s3wvferjs2ytiieeanbkzdd7bt2uwx45/include conftest.cpp >&5
configure:2493: $? = 0
configure:2505: result: yes
configure:2516: checking whether g++ -std=gnu++17 accepts -g
configure:2537: g++ -std=gnu++17 -c -g -m64 -I/uufs/chpc.utah.edu/sys/spack/v019/linux-rocky8-x86_64/gcc-13.1.0/openblas-0.3.21-wswkguokqgrxenycjlx4cxqijupp47mw/include:/uufs/chpc.utah.edu/sys/spack/v019/linux-rocky8-x86_64/gcc-8.5.0/gcc-13.1.0-uu6pfxtwhhrqujtk5df6xhju2np2fhpi/include:/uufs/chpc.utah.edu/sys/spack/v019/linux-rocky8-nehalem/gcc-8.5.0/zlib-1.2.13-s3wvferjs2ytiieeanbkzdd7bt2uwx45/include conftest.cpp >&5
configure:2537: $? = 0
configure:2584: result: yes
configure:2604: checking for g++ -std=gnu++17 option to enable C++11 features
configure:2619: g++ -std=gnu++17  -c -std=c++17 -O2 -finline-functions -m64 -funroll-loops -msse4.2 -fPIC -fopenmp -I/uufs/chpc.utah.edu/sys/spack/v019/linux-rocky8-x86_64/gcc-13.1.0/openblas-0.3.21-wswkguokqgrxenycjlx4cxqijupp47mw/include:/uufs/chpc.utah.edu/sys/spack/v019/linux-rocky8-x86_64/gcc-8.5.0/gcc-13.1.0-uu6pfxtwhhrqujtk5df6xhju2np2fhpi/include:/uufs/chpc.utah.edu/sys/spack/v019/linux-rocky8-nehalem/gcc-8.5.0/zlib-1.2.13-s3wvferjs2ytiieeanbkzdd7bt2uwx45/include -m64 -I/uufs/chpc.utah.edu/sys/spack/v019/linux-rocky8-x86_64/gcc-13.1.0/openblas-0.3.21-wswkguokqgrxenycjlx4cxqijupp47mw/include:/uufs/chpc.utah.edu/sys/spack/v019/linux-rocky8-x86_64/gcc-8.5.0/gcc-13.1.0-uu6pfxtwhhrqujtk5df6xhju2np2fhpi/include:/uufs/chpc.utah.edu/sys/spack/v019/linux-rocky8-nehalem/gcc-8.5.0/zlib-1.2.13-s3wvferjs2ytiieeanbkzdd7bt2uwx45/include conftest.cpp >&5
conftest.cpp: In function 'int main(int, char**)':
conftest.cpp:175:25: warning: empty parentheses were disambiguated as a function declaration [-Wvexing-parse]
  175 |   cxx11test::delegate d2();
      |                         ^~
conftest.cpp:175:25: note: remove parentheses to default-initialize a variable
  175 |   cxx11test::delegate d2();
      |                         ^~
      |                         --
conftest.cpp:175:25: note: or replace parentheses with braces to value-initialize a variable
configure:2619: $? = 0
configure:2638: result: none needed
configure:2713: checking how to run the C++ preprocessor
configure:2735: g++ -std=gnu++17 -E -m64 -I/uufs/chpc.utah.edu/sys/spack/v019/linux-rocky8-x86_64/gcc-13.1.0/openblas-0.3.21-wswkguokqgrxenycjlx4cxqijupp47mw/include:/uufs/chpc.utah.edu/sys/spack/v019/linux-rocky8-x86_64/gcc-8.5.0/gcc-13.1.0-uu6pfxtwhhrqujtk5df6xhju2np2fhpi/include:/uufs/chpc.utah.edu/sys/spack/v019/linux-rocky8-nehalem/gcc-8.5.0/zlib-1.2.13-s3wvferjs2ytiieeanbkzdd7bt2uwx45/include conftest.cpp
configure:2735: $? = 0
configure:2751: g++ -std=gnu++17 -E -m64 -I/uufs/chpc.utah.edu/sys/spack/v019/linux-rocky8-x86_64/gcc-13.1.0/openblas-0.3.21-wswkguokqgrxenycjlx4cxqijupp47mw/include:/uufs/chpc.utah.edu/sys/spack/v019/linux-rocky8-x86_64/gcc-8.5.0/gcc-13.1.0-uu6pfxtwhhrqujtk5df6xhju2np2fhpi/include:/uufs/chpc.utah.edu/sys/spack/v019/linux-rocky8-nehalem/gcc-8.5.0/zlib-1.2.13-s3wvferjs2ytiieeanbkzdd7bt2uwx45/include conftest.cpp
conftest.cpp:9:10: fatal error: ac_nonexistent.h: No such file or directory
    9 | #include <ac_nonexistent.h>
      |          ^~~~~~~~~~~~~~~~~~
compilation terminated.
configure:2751: $? = 1
configure: failed program was:
| /* confdefs.h */
| #define PACKAGE_NAME "imaginarycss"
| #define PACKAGE_TARNAME "imaginarycss"
| #define PACKAGE_VERSION "0.2-0"
| #define PACKAGE_STRING "imaginarycss 0.2-0"
| #define PACKAGE_BUGREPORT "g.vegayon@gmail.com"
| #define PACKAGE_URL ""
| /* end confdefs.h.  */
| #include <ac_nonexistent.h>
configure:2780: result: g++ -std=gnu++17 -E
configure:2794: g++ -std=gnu++17 -E -m64 -I/uufs/chpc.utah.edu/sys/spack/v019/linux-rocky8-x86_64/gcc-13.1.0/openblas-0.3.21-wswkguokqgrxenycjlx4cxqijupp47mw/include:/uufs/chpc.utah.edu/sys/spack/v019/linux-rocky8-x86_64/gcc-8.5.0/gcc-13.1.0-uu6pfxtwhhrqujtk5df6xhju2np2fhpi/include:/uufs/chpc.utah.edu/sys/spack/v019/linux-rocky8-nehalem/gcc-8.5.0/zlib-1.2.13-s3wvferjs2ytiieeanbkzdd7bt2uwx45/include conftest.cpp
configure:2794: $? = 0
configure:2810: g++ -std=gnu++17 -E -m64 -I/uufs/chpc.utah.edu/sys/spack/v019/linux-rocky8-x86_64/gcc-13.1.0/openblas-0.3.21-wswkguokqgrxenycjlx4cxqijupp47mw/include:/uufs/chpc.utah.edu/sys/spack/v019/linux-rocky8-x86_64/gcc-8.5.0/gcc-13.1.0-uu6pfxtwhhrqujtk5df6xhju2np2fhpi/include:/uufs/chpc.utah.edu/sys/spack/v019/linux-rocky8-nehalem/gcc-8.5.0/zlib-1.2.13-s3wvferjs2ytiieeanbkzdd7bt2uwx45/include conftest.cpp
conftest.cpp:9:10: fatal error: ac_nonexistent.h: No such file or directory
    9 | #include <ac_nonexistent.h>
      |          ^~~~~~~~~~~~~~~~~~
compilation terminated.
configure:2810: $? = 1
configure: failed program was:
| /* confdefs.h */
| #define PACKAGE_NAME "imaginarycss"
| #define PACKAGE_TARNAME "imaginarycss"
| #define PACKAGE_VERSION "0.2-0"
| #define PACKAGE_STRING "imaginarycss 0.2-0"
| #define PACKAGE_BUGREPORT "g.vegayon@gmail.com"
| #define PACKAGE_URL ""
| /* end confdefs.h.  */
| #include <ac_nonexistent.h>
configure:2968: checking for C++ compiler version
configure:2977: g++ -std=gnu++17 --version >&5
g++ (Spack GCC) 13.1.0
Copyright (C) 2023 Free Software Foundation, Inc.
This is free software; see the source for copying conditions.  There is NO
warranty; not even for MERCHANTABILITY or FITNESS FOR A PARTICULAR PURPOSE.

configure:2988: $? = 0
configure:2977: g++ -std=gnu++17 -v >&5
Reading specs from /uufs/chpc.utah.edu/sys/spack/v019/linux-rocky8-x86_64/gcc-8.5.0/gcc-13.1.0-uu6pfxtwhhrqujtk5df6xhju2np2fhpi/lib/gcc/x86_64-pc-linux-gnu/13.1.0/specs
COLLECT_GCC=g++
COLLECT_LTO_WRAPPER=/uufs/chpc.utah.edu/sys/spack/v019/linux-rocky8-x86_64/gcc-8.5.0/gcc-13.1.0-uu6pfxtwhhrqujtk5df6xhju2np2fhpi/libexec/gcc/x86_64-pc-linux-gnu/13.1.0/lto-wrapper
Target: x86_64-pc-linux-gnu
Configured with: /uufs/chpc.utah.edu/common/home/hpcapps/.spack/stage/spack-stage-gcc-13.1.0-uu6pfxtwhhrqujtk5df6xhju2np2fhpi/spack-src/configure --prefix=/uufs/chpc.utah.edu/sys/spack/v019/linux-rocky8-x86_64/gcc-8.5.0/gcc-13.1.0-uu6pfxtwhhrqujtk5df6xhju2np2fhpi --with-pkgversion='Spack GCC' --with-bugurl=https://github.com/spack/spack/issues --disable-multilib --enable-languages=c,c++,fortran,jit --disable-nls --disable-canonical-system-headers --with-system-zlib --with-zstd-include=/uufs/chpc.utah.edu/sys/spack/v019/linux-rocky8-x86_64/gcc-8.5.0/zstd-1.5.5-igfubod7nuvy77mvbxqrfszizllkztqz/include --with-zstd-lib=/uufs/chpc.utah.edu/sys/spack/v019/linux-rocky8-x86_64/gcc-8.5.0/zstd-1.5.5-igfubod7nuvy77mvbxqrfszizllkztqz/lib --enable-host-shared --enable-bootstrap --with-mpfr-include=/uufs/chpc.utah.edu/sys/spack/v019/linux-rocky8-x86_64/gcc-8.5.0/mpfr-4.2.0-ksflefridlm456pp45ijgarw2kunepmn/include --with-mpfr-lib=/uufs/chpc.utah.edu/sys/spack/v019/linux-rocky8-x86_64/gcc-8.5.0/mpfr-4.2.0-ksflefridlm456pp45ijgarw2kunepmn/lib --with-gmp-include=/uufs/chpc.utah.edu/sys/spack/v019/linux-rocky8-x86_64/gcc-8.5.0/gmp-6.2.1-r4iunrdv6lccqdm2wqpjtf35nmxlbntq/include --with-gmp-lib=/uufs/chpc.utah.edu/sys/spack/v019/linux-rocky8-x86_64/gcc-8.5.0/gmp-6.2.1-r4iunrdv6lccqdm2wqpjtf35nmxlbntq/lib --with-mpc-include=/uufs/chpc.utah.edu/sys/spack/v019/linux-rocky8-x86_64/gcc-8.5.0/mpc-1.3.1-jutpthyvntog5ke27veg54nzrp5qnsvd/include --with-mpc-lib=/uufs/chpc.utah.edu/sys/spack/v019/linux-rocky8-x86_64/gcc-8.5.0/mpc-1.3.1-jutpthyvntog5ke27veg54nzrp5qnsvd/lib --without-isl --with-stage1-ldflags='-Wl,-rpath,/uufs/chpc.utah.edu/sys/spack/v019/linux-rocky8-x86_64/gcc-8.5.0/gcc-13.1.0-uu6pfxtwhhrqujtk5df6xhju2np2fhpi/lib -Wl,-rpath,/uufs/chpc.utah.edu/sys/spack/v019/linux-rocky8-x86_64/gcc-8.5.0/gcc-13.1.0-uu6pfxtwhhrqujtk5df6xhju2np2fhpi/lib64 -Wl,-rpath,/uufs/chpc.utah.edu/sys/spack/v019/linux-rocky8-x86_64/gcc-8.5.0/gmp-6.2.1-r4iunrdv6lccqdm2wqpjtf35nmxlbntq/lib -Wl,-rpath,/uufs/chpc.utah.edu/sys/spack/v019/linux-rocky8-x86_64/gcc-8.5.0/mpc-1.3.1-jutpthyvntog5ke27veg54nzrp5qnsvd/lib -Wl,-rpath,/uufs/chpc.utah.edu/sys/spack/v019/linux-rocky8-x86_64/gcc-8.5.0/mpfr-4.2.0-ksflefridlm456pp45ijgarw2kunepmn/lib -Wl,-rpath,/uufs/chpc.utah.edu/sys/spack/v019/linux-rocky8-x86_64/gcc-8.5.0/zlib-1.2.13-dcpzngybj4fisn6ojapnels3yfwcxqgk/lib -Wl,-rpath,/uufs/chpc.utah.edu/sys/spack/v019/linux-rocky8-x86_64/gcc-8.5.0/zstd-1.5.5-igfubod7nuvy77mvbxqrfszizllkztqz/lib' --with-boot-ldflags='-Wl,-rpath,/uufs/chpc.utah.edu/sys/spack/v019/linux-rocky8-x86_64/gcc-8.5.0/gcc-13.1.0-uu6pfxtwhhrqujtk5df6xhju2np2fhpi/lib -Wl,-rpath,/uufs/chpc.utah.edu/sys/spack/v019/linux-rocky8-x86_64/gcc-8.5.0/gcc-13.1.0-uu6pfxtwhhrqujtk5df6xhju2np2fhpi/lib64 -Wl,-rpath,/uufs/chpc.utah.edu/sys/spack/v019/linux-rocky8-x86_64/gcc-8.5.0/gmp-6.2.1-r4iunrdv6lccqdm2wqpjtf35nmxlbntq/lib -Wl,-rpath,/uufs/chpc.utah.edu/sys/spack/v019/linux-rocky8-x86_64/gcc-8.5.0/mpc-1.3.1-jutpthyvntog5ke27veg54nzrp5qnsvd/lib -Wl,-rpath,/uufs/chpc.utah.edu/sys/spack/v019/linux-rocky8-x86_64/gcc-8.5.0/mpfr-4.2.0-ksflefridlm456pp45ijgarw2kunepmn/lib -Wl,-rpath,/uufs/chpc.utah.edu/sys/spack/v019/linux-rocky8-x86_64/gcc-8.5.0/zlib-1.2.13-dcpzngybj4fisn6ojapnels3yfwcxqgk/lib -Wl,-rpath,/uufs/chpc.utah.edu/sys/spack/v019/linux-rocky8-x86_64/gcc-8.5.0/zstd-1.5.5-igfubod7nuvy77mvbxqrfszizllkztqz/lib -static-libstdc++ -static-libgcc' --with-build-config=spack
Thread model: posix
Supported LTO compression algorithms: zlib zstd
gcc version 13.1.0 (Spack GCC) 
configure:2988: $? = 0
configure:2977: g++ -std=gnu++17 -V >&5
g++: error: unrecognized command-line option '-V'
g++: fatal error: no input files
compilation terminated.
configure:2988: $? = 1
configure:2977: g++ -std=gnu++17 -qversion >&5
g++: error: unrecognized command-line option '-qversion'; did you mean '--version'?
g++: fatal error: no input files
compilation terminated.
configure:2988: $? = 1
configure:2992: checking whether the compiler supports GNU C++
configure:3024: result: yes
configure:3035: checking whether g++ -std=gnu++17 accepts -g
configure:3103: result: yes
configure:3123: checking for g++ -std=gnu++17 option to enable C++11 features
configure:3157: result: none needed
configure:3236: checking whether we have a suitable tempdir
configure:3239: result: /tmp
configure:3243: checking whether R CMD SHLIB can already compile programs using OpenMP
configure:3263: result: yes
configure:3557: creating ./config.status

## ---------------------- ##
## Running config.status. ##
## ---------------------- ##

This file was extended by imaginarycss config.status 0.2-0, which was
generated by GNU Autoconf 2.72.  Invocation command line was

  CONFIG_FILES    = 
  CONFIG_HEADERS  = 
  CONFIG_LINKS    = 
  CONFIG_COMMANDS = 
  $ ./config.status 

on notch365

config.status:728: creating src/Makevars

## ---------------- ##
## Cache variables. ##
## ---------------- ##

ac_cv_cxx_compiler_gnu=yes
ac_cv_env_CCC_set=
ac_cv_env_CCC_value=
ac_cv_env_CPPFLAGS_set=set
ac_cv_env_CPPFLAGS_value='-m64 -I/uufs/chpc.utah.edu/sys/spack/v019/linux-rocky8-x86_64/gcc-13.1.0/openblas-0.3.21-wswkguokqgrxenycjlx4cxqijupp47mw/include:/uufs/chpc.utah.edu/sys/spack/v019/linux-rocky8-x86_64/gcc-8.5.0/gcc-13.1.0-uu6pfxtwhhrqujtk5df6xhju2np2fhpi/include:/uufs/chpc.utah.edu/sys/spack/v019/linux-rocky8-nehalem/gcc-8.5.0/zlib-1.2.13-s3wvferjs2ytiieeanbkzdd7bt2uwx45/include'
ac_cv_env_CXXCPP_set=
ac_cv_env_CXXCPP_value=
ac_cv_env_CXXFLAGS_set=set
ac_cv_env_CXXFLAGS_value='-std=c++17 -O2 -finline-functions -m64 -funroll-loops -msse4.2 -fPIC -fopenmp -I/uufs/chpc.utah.edu/sys/spack/v019/linux-rocky8-x86_64/gcc-13.1.0/openblas-0.3.21-wswkguokqgrxenycjlx4cxqijupp47mw/include:/uufs/chpc.utah.edu/sys/spack/v019/linux-rocky8-x86_64/gcc-8.5.0/gcc-13.1.0-uu6pfxtwhhrqujtk5df6xhju2np2fhpi/include:/uufs/chpc.utah.edu/sys/spack/v019/linux-rocky8-nehalem/gcc-8.5.0/zlib-1.2.13-s3wvferjs2ytiieeanbkzdd7bt2uwx45/include'
ac_cv_env_CXX_set=set
ac_cv_env_CXX_value=/uufs/chpc.utah.edu/sys/spack/v019/linux-rocky8-x86_64/gcc-8.5.0/gcc-13.1.0-uu6pfxtwhhrqujtk5df6xhju2np2fhpi/bin/g++
ac_cv_env_LDFLAGS_set=set
ac_cv_env_LDFLAGS_value='-Wl,-rpath=/uufs/chpc.utah.edu/sys/spack/v019/linux-rocky8-x86_64/gcc-13.1.0/openblas-0.3.21-wswkguokqgrxenycjlx4cxqijupp47mw/lib:/uufs/chpc.utah.edu/sys/spack/v019/linux-rocky8-x86_64/gcc-8.5.0/gcc-13.1.0-uu6pfxtwhhrqujtk5df6xhju2np2fhpi/lib64:/uufs/chpc.utah.edu/sys/spack/v019/linux-rocky8-x86_64/gcc-8.5.0/gcc-13.1.0-uu6pfxtwhhrqujtk5df6xhju2np2fhpi/lib:/uufs/chpc.utah.edu/sys/spack/v019/linux-rocky8-nehalem/gcc-8.5.0/zlib-1.2.13-s3wvferjs2ytiieeanbkzdd7bt2uwx45/lib -L/uufs/chpc.utah.edu/sys/spack/v019/linux-rocky8-x86_64/gcc-13.1.0/openblas-0.3.21-wswkguokqgrxenycjlx4cxqijupp47mw/lib:/uufs/chpc.utah.edu/sys/spack/v019/linux-rocky8-x86_64/gcc-8.5.0/gcc-13.1.0-uu6pfxtwhhrqujtk5df6xhju2np2fhpi/lib64:/uufs/chpc.utah.edu/sys/spack/v019/linux-rocky8-x86_64/gcc-8.5.0/gcc-13.1.0-uu6pfxtwhhrqujtk5df6xhju2np2fhpi/lib:/uufs/chpc.utah.edu/sys/spack/v019/linux-rocky8-nehalem/gcc-8.5.0/zlib-1.2.13-s3wvferjs2ytiieeanbkzdd7bt2uwx45/lib -lopenblas -lm -lpthread -lgfortran'
ac_cv_env_LIBS_set=
ac_cv_env_LIBS_value=
ac_cv_env_build_alias_set=
ac_cv_env_build_alias_value=
ac_cv_env_host_alias_set=
ac_cv_env_host_alias_value=
ac_cv_env_target_alias_set=
ac_cv_env_target_alias_value=
ac_cv_objext=o
ac_cv_prog_CXXCPP='g++ -std=gnu++17 -E'
ac_cv_prog_cxx_cxx11=
ac_cv_prog_cxx_g=yes
ac_cv_prog_cxx_stdcxx=

## ----------------- ##
## Output variables. ##
## ----------------- ##

CPPFLAGS='-m64 -I/uufs/chpc.utah.edu/sys/spack/v019/linux-rocky8-x86_64/gcc-13.1.0/openblas-0.3.21-wswkguokqgrxenycjlx4cxqijupp47mw/include:/uufs/chpc.utah.edu/sys/spack/v019/linux-rocky8-x86_64/gcc-8.5.0/gcc-13.1.0-uu6pfxtwhhrqujtk5df6xhju2np2fhpi/include:/uufs/chpc.utah.edu/sys/spack/v019/linux-rocky8-nehalem/gcc-8.5.0/zlib-1.2.13-s3wvferjs2ytiieeanbkzdd7bt2uwx45/include'
CXX='g++ -std=gnu++17'
CXXCPP='g++ -std=gnu++17 -E'
CXXFLAGS='-std=c++17 -O2 -finline-functions -m64 -funroll-loops -msse4.2 -fPIC -fopenmp -I/uufs/chpc.utah.edu/sys/spack/v019/linux-rocky8-x86_64/gcc-13.1.0/openblas-0.3.21-wswkguokqgrxenycjlx4cxqijupp47mw/include:/uufs/chpc.utah.edu/sys/spack/v019/linux-rocky8-x86_64/gcc-8.5.0/gcc-13.1.0-uu6pfxtwhhrqujtk5df6xhju2np2fhpi/include:/uufs/chpc.utah.edu/sys/spack/v019/linux-rocky8-nehalem/gcc-8.5.0/zlib-1.2.13-s3wvferjs2ytiieeanbkzdd7bt2uwx45/include'
DEFS='-DPACKAGE_NAME=\"imaginarycss\" -DPACKAGE_TARNAME=\"imaginarycss\" -DPACKAGE_VERSION=\"0.2-0\" -DPACKAGE_STRING=\"imaginarycss\ 0.2-0\" -DPACKAGE_BUGREPORT=\"g.vegayon@gmail.com\" -DPACKAGE_URL=\"\"'
ECHO_C=''
ECHO_N='-n'
ECHO_T=''
EXEEXT=''
LDFLAGS='-Wl,-rpath=/uufs/chpc.utah.edu/sys/spack/v019/linux-rocky8-x86_64/gcc-13.1.0/openblas-0.3.21-wswkguokqgrxenycjlx4cxqijupp47mw/lib:/uufs/chpc.utah.edu/sys/spack/v019/linux-rocky8-x86_64/gcc-8.5.0/gcc-13.1.0-uu6pfxtwhhrqujtk5df6xhju2np2fhpi/lib64:/uufs/chpc.utah.edu/sys/spack/v019/linux-rocky8-x86_64/gcc-8.5.0/gcc-13.1.0-uu6pfxtwhhrqujtk5df6xhju2np2fhpi/lib:/uufs/chpc.utah.edu/sys/spack/v019/linux-rocky8-nehalem/gcc-8.5.0/zlib-1.2.13-s3wvferjs2ytiieeanbkzdd7bt2uwx45/lib -L/uufs/chpc.utah.edu/sys/spack/v019/linux-rocky8-x86_64/gcc-13.1.0/openblas-0.3.21-wswkguokqgrxenycjlx4cxqijupp47mw/lib:/uufs/chpc.utah.edu/sys/spack/v019/linux-rocky8-x86_64/gcc-8.5.0/gcc-13.1.0-uu6pfxtwhhrqujtk5df6xhju2np2fhpi/lib64:/uufs/chpc.utah.edu/sys/spack/v019/linux-rocky8-x86_64/gcc-8.5.0/gcc-13.1.0-uu6pfxtwhhrqujtk5df6xhju2np2fhpi/lib:/uufs/chpc.utah.edu/sys/spack/v019/linux-rocky8-nehalem/gcc-8.5.0/zlib-1.2.13-s3wvferjs2ytiieeanbkzdd7bt2uwx45/lib -lopenblas -lm -lpthread -lgfortran'
LIBOBJS=''
LIBS=''
LTLIBOBJS=''
OBJEXT='o'
OPENMP_FLAG='$(SHLIB_OPENMP_CXXFLAGS)'
PACKAGE_BUGREPORT='g.vegayon@gmail.com'
PACKAGE_NAME='imaginarycss'
PACKAGE_STRING='imaginarycss 0.2-0'
PACKAGE_TARNAME='imaginarycss'
PACKAGE_URL=''
PACKAGE_VERSION='0.2-0'
PATH_SEPARATOR=':'
SHELL='/bin/sh'
ac_ct_CXX=''
bindir='${exec_prefix}/bin'
build_alias=''
datadir='${datarootdir}'
datarootdir='${prefix}/share'
docdir='${datarootdir}/doc/${PACKAGE_TARNAME}'
dvidir='${docdir}'
exec_prefix='${prefix}'
host_alias=''
htmldir='${docdir}'
includedir='${prefix}/include'
infodir='${datarootdir}/info'
libdir='${exec_prefix}/lib'
libexecdir='${exec_prefix}/libexec'
localedir='${datarootdir}/locale'
localstatedir='${prefix}/var'
mandir='${datarootdir}/man'
oldincludedir='/usr/include'
pdfdir='${docdir}'
prefix='/usr/local'
program_transform_name='s,x,x,'
psdir='${docdir}'
runstatedir='${localstatedir}/run'
sbindir='${exec_prefix}/sbin'
sharedstatedir='${prefix}/com'
sysconfdir='${prefix}/etc'
target_alias=''

## ----------- ##
## confdefs.h. ##
## ----------- ##

/* confdefs.h */
#define PACKAGE_NAME "imaginarycss"
#define PACKAGE_TARNAME "imaginarycss"
#define PACKAGE_VERSION "0.2-0"
#define PACKAGE_STRING "imaginarycss 0.2-0"
#define PACKAGE_BUGREPORT "g.vegayon@gmail.com"
#define PACKAGE_URL ""

configure: exit 0
